<?xml version="1.0" encoding="UTF-8"?>
<testsuite xmlns:xsi="http://www.w3.org/2001/XMLSchema-instance" xsi:noNamespaceSchemaLocation="https://maven.apache.org/surefire/maven-surefire-plugin/xsd/surefire-test-report.xsd" name="stepDefinition.TestRunner" time="64.633" tests="32" errors="0" skipped="0" failures="0">
  <properties>
[...]
</properties>
  <testcase name="User login with username as &quot;Admin&quot; password as &quot;admin123&quot;" classname="View employee list" time="2.745"/>
  <testcase name="User navigate to pim link" classname="View employee list" time="1.05"/>
  <testcase name="Clicks employee list link to display employee" classname="View employee list" time="0.583"/>
  <testcase name="View employee list" classname="View employee list" time="1.983"/>
  <testcase name="User login with username as &quot;Admin&quot; password as &quot;admin123&quot;" classname="Apply leave" time="3.07"/>
  <testcase name="User navigate to leave link" classname="Apply leave" time="1.259"/>
  <testcase name="Click apply leave" classname="Apply leave" time="0.49"/>
  <testcase name="Apply leave" classname="Apply leave" time="1.87"/>
  <testcase name="User login with username as &quot;Admin&quot; password as &quot;admin123&quot;" classname="Get my leaves" time="2.718"/>
  <testcase name="User navigate to leave link" classname="Get my leaves" time="1.168"/>
  <testcase name="Click my leaves" classname="Get my leaves" time="0.374"/>
  <testcase name="Get my leaves" classname="Get my leaves" time="1.684"/>
  <testcase name="User login with username as &quot;Admin&quot; password as &quot;admin123&quot;" classname="Leave list" time="2.759"/>
  <testcase name="User navigate to leave link" classname="Leave list" time="1.208"/>
  <testcase name="Click leave list" classname="Leave list" time="0.418"/>
  <testcase name="Leave list" classname="Leave list" time="1.815"/>
  <testcase name="User login with username as &quot;Admin&quot; password as &quot;admin123&quot;" classname="Assign leave" time="2.739"/>
  <testcase name="User navigate to leave link" classname="Assign leave" time="1.254"/>
  <testcase name="Click Assign leave" classname="Assign leave" time="0.589"/>
  <testcase name="Assign leave" classname="Assign leave" time="2.046"/>
  <testcase name="User login with username as &quot;Admin&quot; password as &quot;admin123&quot;" classname="Search valid user from admin link" time="2.794"/>
  <testcase name="User navigate to admin link" classname="Search valid user from admin link" time="0.941"/>
  <testcase name="User add user to search as &quot;Garry.White&quot;" classname="Search valid user from admin link" time="0.066"/>
  <testcase name="Click search" classname="Search valid user from admin link" time="0.416"/>
  <testcase name="Search results with &quot;Garry.White&quot; or error display" classname="Search valid user from admin link" time="0.05"/>
  <testcase name="Search valid user from admin link" classname="Search valid user from admin link" time="1.295"/>
  <testcase name="User login with username as &quot;Admin&quot; password as &quot;admin123&quot;" classname="Search invalid user from admin link" time="2.717"/>
  <testcase name="User navigate to admin link" classname="Search invalid user from admin link" time="0.957"/>
  <testcase name="User add user to search as &quot;Swapnil&quot;" classname="Search invalid user from admin link" time="0.064"/>
  <testcase name="Click search" classname="Search invalid user from admin link" time="0.354"/>
  <testcase name="Search results with &quot;Swapnil&quot; or error display" classname="Search invalid user from admin link" time="0.036"/>
  <testcase name="Search invalid user from admin link" classname="Search invalid user from admin link" time="1.3"/>
</testsuite>